2025-06-09 20:39:43 INFO     root  - Rasa server is up and running.
2025-06-09 20:39:43 INFO     root  - Enabling coroutine debugging. Loop id 187651089246960.
2025-06-09 20:39:52 DEBUG    rasa.core.lock_store  - Issuing ticket for conversation 'PractikumStudent'.
2025-06-09 20:39:52 DEBUG    rasa.core.lock_store  - Acquiring lock for conversation 'PractikumStudent'.
2025-06-09 20:39:52 DEBUG    rasa.core.lock_store  - Acquired lock for conversation 'PractikumStudent'.
2025-06-09 20:39:52 DEBUG    rasa.core.tracker_store  - Could not find tracker for conversation ID 'PractikumStudent'.
2025-06-09 20:39:52 DEBUG    rasa.core.tracker_store  - No event broker configured. Skipping streaming events.
2025-06-09 20:39:52 DEBUG    rasa.core.processor  - Starting a new session for conversation ID 'PractikumStudent'.
2025-06-09 20:39:52 DEBUG    rasa.core.processor  - [debug    ] processor.actions.policy_prediction prediction_events=[]
2025-06-09 20:39:52 DEBUG    rasa.core.processor  - [debug    ] processor.actions.log          action_name=action_session_start rasa_events=[<rasa.shared.core.events.SessionStarted object at 0xffff3dac8790>, ActionExecuted(action: action_listen, policy: None, confidence: None)]
2025-06-09 20:39:52 DEBUG    rasa.core.processor  - [debug    ] processor.slots.log            slot_values=   topic: None
        session_started_metadata: None
2025-06-09 20:39:52 DEBUG    rasa.engine.runner.dask  - Running graph with inputs: {'__message__': [<rasa.core.channels.channel.UserMessage object at 0xffff19ae06d0>], '__tracker__': <rasa.shared.core.trackers.DialogueStateTracker object at 0xffff3daca290>}, targets: ['run_RegexMessageHandler'] and ExecutionContext(model_id='ab0f14a15bf24d9a95d1829827336886', should_add_diagnostic_data=False, is_finetuning=False, node_name=None).
2025-06-09 20:39:52 DEBUG    rasa.engine.graph  - Node 'nlu_message_converter' running 'NLUMessageConverter.convert_user_message'.
2025-06-09 20:39:52 DEBUG    rasa.engine.graph  - Node 'run_WhitespaceTokenizer0' running 'WhitespaceTokenizer.process'.
2025-06-09 20:39:52 DEBUG    rasa.engine.graph  - Node 'run_RegexFeaturizer1' running 'RegexFeaturizer.process'.
2025-06-09 20:39:52 DEBUG    rasa.engine.graph  - Node 'run_LexicalSyntacticFeaturizer2' running 'LexicalSyntacticFeaturizer.process'.
2025-06-09 20:39:52 DEBUG    rasa.engine.graph  - Node 'run_CountVectorsFeaturizer3' running 'CountVectorsFeaturizer.process'.
2025-06-09 20:39:52 DEBUG    rasa.engine.graph  - Node 'run_LanguageModelFeaturizer4' running 'LanguageModelFeaturizer.process'.
2025-06-09 20:39:52 DEBUG    rasa.engine.graph  - Node 'run_DIETClassifier5' running 'DIETClassifier.process'.
2025-06-09 20:39:52 DEBUG    rasa.engine.graph  - Node 'run_EntitySynonymMapper6' running 'EntitySynonymMapper.process'.
2025-06-09 20:39:52 DEBUG    rasa.engine.graph  - Node 'run_ResponseSelector7' running 'ResponseSelector.process'.
2025-06-09 20:39:52 DEBUG    rasa.nlu.classifiers.diet_classifier  - There is no trained model for 'ResponseSelector': The component is either not trained or didn't receive enough training data.
2025-06-09 20:39:52 DEBUG    rasa.nlu.selectors.response_selector  - Adding following selector key to message property: default
2025-06-09 20:39:52 DEBUG    rasa.engine.graph  - Node 'domain_provider' running 'DomainProvider.provide_inference'.
2025-06-09 20:39:52 DEBUG    rasa.engine.graph  - Node 'run_RegexMessageHandler' running 'RegexMessageHandler.process'.
2025-06-09 20:39:52 DEBUG    rasa.core.processor  - [debug    ] processor.message.parse        parse_data_entities=[] parse_data_intent={'name': 'greet', 'confidence': 0.3746817111968994} parse_data_text=Привет
2025-06-09 20:39:52 DEBUG    rasa.core.processor  - Logged UserUtterance - tracker now has 4 events.
2025-06-09 20:39:52 DEBUG    rasa.core.actions.action  - Validating extracted slots: topic
2025-06-09 20:39:52 DEBUG    rasa.core.processor  - [debug    ] processor.extract.slots        action_extract_slot=action_extract_slots len_extraction_events=1 rasa_events=[SlotSet(key: topic, value: Привет)]
2025-06-09 20:39:52 DEBUG    rasa.engine.runner.dask  - Running graph with inputs: {'__tracker__': <rasa.shared.core.trackers.DialogueStateTracker object at 0xffff3daca290>}, targets: ['select_prediction'] and ExecutionContext(model_id='ab0f14a15bf24d9a95d1829827336886', should_add_diagnostic_data=False, is_finetuning=False, node_name=None).
2025-06-09 20:39:52 DEBUG    rasa.engine.graph  - Node 'rule_only_data_provider' running 'RuleOnlyDataProvider.provide'.
2025-06-09 20:39:52 DEBUG    rasa.engine.graph  - Node 'domain_provider' running 'DomainProvider.provide_inference'.
2025-06-09 20:39:52 DEBUG    rasa.engine.graph  - Node 'run_MemoizationPolicy0' running 'MemoizationPolicy.predict_action_probabilities'.
2025-06-09 20:39:52 DEBUG    rasa.core.policies.memoization  - [debug    ] memoization.predict.actions    tracker_states=[{}, {'user': {'intent': 'greet'}, 'prev_action': {'action_name': 'action_listen'}}]
2025-06-09 20:39:52 DEBUG    rasa.core.policies.memoization  - There is a memorised next action 'utter_greet'
2025-06-09 20:39:52 DEBUG    rasa.engine.graph  - Node 'run_RulePolicy1' running 'RulePolicy.predict_action_probabilities'.
2025-06-09 20:39:52 DEBUG    rasa.core.policies.rule_policy  - [debug    ] rule_policy.actions.find       current_states=
[state 1] user text: Привет | previous action name: action_listen
2025-06-09 20:39:52 DEBUG    rasa.core.policies.rule_policy  - There is no applicable rule.
2025-06-09 20:39:52 DEBUG    rasa.core.policies.rule_policy  - [debug    ] rule_policy.actions.find       current_states=
[state 1] user intent: greet | previous action name: action_listen
2025-06-09 20:39:52 DEBUG    rasa.core.policies.rule_policy  - There is a rule for the next action 'utter_greet'.
2025-06-09 20:39:52 DEBUG    rasa.engine.graph  - Node 'run_TEDPolicy2' running 'TEDPolicy.predict_action_probabilities'.
2025-06-09 20:39:52 DEBUG    rasa.core.policies.ted_policy  - TED predicted 'utter_greet' based on user intent.
2025-06-09 20:39:52 DEBUG    rasa.engine.graph  - Node 'select_prediction' running 'DefaultPolicyPredictionEnsemble.combine_predictions_from_kwargs'.
2025-06-09 20:39:52 DEBUG    rasa.core.policies.ensemble  - Made prediction using user intent.
2025-06-09 20:39:52 DEBUG    rasa.core.policies.ensemble  - Added `DefinePrevUserUtteredFeaturization(False)` event.
2025-06-09 20:39:52 DEBUG    rasa.core.policies.ensemble  - Predicted next action using RulePolicy.
2025-06-09 20:39:52 DEBUG    rasa.core.processor  - Predicted next action 'utter_greet' with confidence 1.00.
2025-06-09 20:39:52 DEBUG    rasa.core.processor  - [debug    ] processor.actions.policy_prediction prediction_events=[<rasa.shared.core.events.DefinePrevUserUtteredFeaturization object at 0xffff19ba3100>]
2025-06-09 20:39:52 DEBUG    rasa.core.processor  - [debug    ] processor.actions.log          action_name=utter_greet rasa_events=[BotUttered('Привет! Чем могу помочь в области архитектуры программного обеспечения?', {"elements": null, "quick_replies": null, "buttons": null, "attachment": null, "image": null, "custom": null}, {"utter_action": "utter_greet"}, 1749501592.742292)]
2025-06-09 20:39:52 DEBUG    rasa.engine.runner.dask  - Running graph with inputs: {'__tracker__': <rasa.shared.core.trackers.DialogueStateTracker object at 0xffff3daca290>}, targets: ['select_prediction'] and ExecutionContext(model_id='ab0f14a15bf24d9a95d1829827336886', should_add_diagnostic_data=False, is_finetuning=False, node_name=None).
2025-06-09 20:39:52 DEBUG    rasa.engine.graph  - Node 'rule_only_data_provider' running 'RuleOnlyDataProvider.provide'.
2025-06-09 20:39:52 DEBUG    rasa.engine.graph  - Node 'domain_provider' running 'DomainProvider.provide_inference'.
2025-06-09 20:39:52 DEBUG    rasa.engine.graph  - Node 'run_MemoizationPolicy0' running 'MemoizationPolicy.predict_action_probabilities'.
2025-06-09 20:39:52 DEBUG    rasa.core.policies.memoization  - [debug    ] memoization.predict.actions    tracker_states=[{'user': {'intent': 'greet'}, 'prev_action': {'action_name': 'action_listen'}}, {'user': {'intent': 'greet'}, 'prev_action': {'action_name': 'utter_greet'}}]
2025-06-09 20:39:52 DEBUG    rasa.core.policies.memoization  - There is a memorised next action 'action_listen'
2025-06-09 20:39:52 DEBUG    rasa.engine.graph  - Node 'run_RulePolicy1' running 'RulePolicy.predict_action_probabilities'.
2025-06-09 20:39:52 DEBUG    rasa.core.policies.rule_policy  - [debug    ] rule_policy.actions.find       current_states=
[state 1] user intent: greet | previous action name: action_listen
[state 2] user intent: greet | previous action name: utter_greet
2025-06-09 20:39:52 DEBUG    rasa.core.policies.rule_policy  - There is a rule for the next action 'action_listen'.
2025-06-09 20:39:52 DEBUG    rasa.engine.graph  - Node 'run_TEDPolicy2' running 'TEDPolicy.predict_action_probabilities'.
2025-06-09 20:39:52 DEBUG    rasa.core.policies.ted_policy  - TED predicted 'action_listen' based on user intent.
2025-06-09 20:39:52 DEBUG    rasa.engine.graph  - Node 'select_prediction' running 'DefaultPolicyPredictionEnsemble.combine_predictions_from_kwargs'.
2025-06-09 20:39:52 DEBUG    rasa.core.policies.ensemble  - Predicted next action using RulePolicy.
2025-06-09 20:39:52 DEBUG    rasa.core.processor  - Predicted next action 'action_listen' with confidence 1.00.
2025-06-09 20:39:52 DEBUG    rasa.core.processor  - [debug    ] processor.actions.policy_prediction prediction_events=[]
2025-06-09 20:39:52 DEBUG    rasa.core.processor  - [debug    ] processor.actions.log          action_name=action_listen rasa_events=[]
2025-06-09 20:39:52 DEBUG    rasa.core.tracker_store  - No event broker configured. Skipping streaming events.
2025-06-09 20:39:52 DEBUG    rasa.core.lock_store  - Deleted lock for conversation 'PractikumStudent'.
2025-06-09 20:40:01 DEBUG    rasa.core.lock_store  - Issuing ticket for conversation 'PractikumStudent'.
2025-06-09 20:40:01 DEBUG    rasa.core.lock_store  - Acquiring lock for conversation 'PractikumStudent'.
2025-06-09 20:40:01 DEBUG    rasa.core.lock_store  - Acquired lock for conversation 'PractikumStudent'.
2025-06-09 20:40:01 DEBUG    rasa.core.tracker_store  - Recreating tracker for id 'PractikumStudent'
2025-06-09 20:40:01 DEBUG    rasa.engine.runner.dask  - Running graph with inputs: {'__message__': [<rasa.core.channels.channel.UserMessage object at 0xffff1a52feb0>], '__tracker__': <rasa.shared.core.trackers.DialogueStateTracker object at 0xffff3dac83a0>}, targets: ['run_RegexMessageHandler'] and ExecutionContext(model_id='ab0f14a15bf24d9a95d1829827336886', should_add_diagnostic_data=False, is_finetuning=False, node_name=None).
2025-06-09 20:40:01 DEBUG    rasa.engine.graph  - Node 'nlu_message_converter' running 'NLUMessageConverter.convert_user_message'.
2025-06-09 20:40:01 DEBUG    rasa.engine.graph  - Node 'run_WhitespaceTokenizer0' running 'WhitespaceTokenizer.process'.
2025-06-09 20:40:01 DEBUG    rasa.engine.graph  - Node 'run_RegexFeaturizer1' running 'RegexFeaturizer.process'.
2025-06-09 20:40:01 DEBUG    rasa.engine.graph  - Node 'run_LexicalSyntacticFeaturizer2' running 'LexicalSyntacticFeaturizer.process'.
2025-06-09 20:40:01 DEBUG    rasa.engine.graph  - Node 'run_CountVectorsFeaturizer3' running 'CountVectorsFeaturizer.process'.
2025-06-09 20:40:01 DEBUG    rasa.engine.graph  - Node 'run_LanguageModelFeaturizer4' running 'LanguageModelFeaturizer.process'.
2025-06-09 20:40:01 DEBUG    rasa.engine.graph  - Node 'run_DIETClassifier5' running 'DIETClassifier.process'.
2025-06-09 20:40:01 DEBUG    rasa.engine.graph  - Node 'run_EntitySynonymMapper6' running 'EntitySynonymMapper.process'.
2025-06-09 20:40:01 DEBUG    rasa.engine.graph  - Node 'run_ResponseSelector7' running 'ResponseSelector.process'.
2025-06-09 20:40:01 DEBUG    rasa.nlu.classifiers.diet_classifier  - There is no trained model for 'ResponseSelector': The component is either not trained or didn't receive enough training data.
2025-06-09 20:40:01 DEBUG    rasa.nlu.selectors.response_selector  - Adding following selector key to message property: default
2025-06-09 20:40:01 DEBUG    rasa.engine.graph  - Node 'domain_provider' running 'DomainProvider.provide_inference'.
2025-06-09 20:40:01 DEBUG    rasa.engine.graph  - Node 'run_RegexMessageHandler' running 'RegexMessageHandler.process'.
2025-06-09 20:40:01 DEBUG    rasa.core.processor  - [debug    ] processor.message.parse        parse_data_entities=[] parse_data_intent={'name': 'ask_architecture', 'confidence': 0.8434876799583435} parse_data_text=что такое архитектура по?
2025-06-09 20:40:01 DEBUG    rasa.core.processor  - Logged UserUtterance - tracker now has 10 events.
2025-06-09 20:40:01 DEBUG    rasa.core.actions.action  - Validating extracted slots: topic
2025-06-09 20:40:01 DEBUG    rasa.core.processor  - [debug    ] processor.extract.slots        action_extract_slot=action_extract_slots len_extraction_events=1 rasa_events=[SlotSet(key: topic, value: что такое архитектура по?)]
2025-06-09 20:40:01 DEBUG    rasa.engine.runner.dask  - Running graph with inputs: {'__tracker__': <rasa.shared.core.trackers.DialogueStateTracker object at 0xffff3dac83a0>}, targets: ['select_prediction'] and ExecutionContext(model_id='ab0f14a15bf24d9a95d1829827336886', should_add_diagnostic_data=False, is_finetuning=False, node_name=None).
2025-06-09 20:40:01 DEBUG    rasa.engine.graph  - Node 'rule_only_data_provider' running 'RuleOnlyDataProvider.provide'.
2025-06-09 20:40:01 DEBUG    rasa.engine.graph  - Node 'domain_provider' running 'DomainProvider.provide_inference'.
2025-06-09 20:40:01 DEBUG    rasa.engine.graph  - Node 'run_MemoizationPolicy0' running 'MemoizationPolicy.predict_action_probabilities'.
2025-06-09 20:40:01 DEBUG    rasa.core.policies.memoization  - [debug    ] memoization.predict.actions    tracker_states=[{'user': {'intent': 'greet'}, 'prev_action': {'action_name': 'utter_greet'}}, {'user': {'intent': 'ask_architecture'}, 'prev_action': {'action_name': 'action_listen'}}]
2025-06-09 20:40:01 DEBUG    rasa.core.policies.memoization  - There is a memorised next action 'utter_architecture_response'
2025-06-09 20:40:01 DEBUG    rasa.engine.graph  - Node 'run_RulePolicy1' running 'RulePolicy.predict_action_probabilities'.
2025-06-09 20:40:01 DEBUG    rasa.core.policies.rule_policy  - [debug    ] rule_policy.actions.find       current_states=
[state 1] user intent: greet | previous action name: action_listen
[state 2] user intent: greet | previous action name: utter_greet
[state 3] user text: что такое архитектура по? | previous action name: action_listen
2025-06-09 20:40:01 DEBUG    rasa.core.policies.rule_policy  - There is no applicable rule.
2025-06-09 20:40:01 DEBUG    rasa.core.policies.rule_policy  - [debug    ] rule_policy.actions.find       current_states=
[state 1] user intent: greet | previous action name: action_listen
[state 2] user intent: greet | previous action name: utter_greet
[state 3] user intent: ask_architecture | previous action name: action_listen
2025-06-09 20:40:01 DEBUG    rasa.core.policies.rule_policy  - There is a rule for the next action 'utter_architecture_response'.
2025-06-09 20:40:01 DEBUG    rasa.engine.graph  - Node 'run_TEDPolicy2' running 'TEDPolicy.predict_action_probabilities'.
2025-06-09 20:40:01 DEBUG    rasa.core.policies.ted_policy  - TED predicted 'utter_greet' based on user intent.
2025-06-09 20:40:01 DEBUG    rasa.engine.graph  - Node 'select_prediction' running 'DefaultPolicyPredictionEnsemble.combine_predictions_from_kwargs'.
2025-06-09 20:40:01 DEBUG    rasa.core.policies.ensemble  - Made prediction using user intent.
2025-06-09 20:40:01 DEBUG    rasa.core.policies.ensemble  - Added `DefinePrevUserUtteredFeaturization(False)` event.
2025-06-09 20:40:01 DEBUG    rasa.core.policies.ensemble  - Predicted next action using RulePolicy.
2025-06-09 20:40:01 DEBUG    rasa.core.processor  - Predicted next action 'utter_architecture_response' with confidence 1.00.
2025-06-09 20:40:01 DEBUG    rasa.core.processor  - [debug    ] processor.actions.policy_prediction prediction_events=[<rasa.shared.core.events.DefinePrevUserUtteredFeaturization object at 0xffff19ba22c0>]
2025-06-09 20:40:01 DEBUG    rasa.core.processor  - [debug    ] processor.actions.log          action_name=utter_architecture_response rasa_events=[BotUttered('Архитектура ПО включает выбор структур, которые обеспечивают масштабируемость, гибкость и поддерживаемость приложения. Задайте конкретный вопрос по этой теме, и я помогу вам с информацией.', {"elements": null, "quick_replies": null, "buttons": null, "attachment": null, "image": null, "custom": null}, {"utter_action": "utter_architecture_response"}, 1749501601.2716377)]
2025-06-09 20:40:01 DEBUG    rasa.engine.runner.dask  - Running graph with inputs: {'__tracker__': <rasa.shared.core.trackers.DialogueStateTracker object at 0xffff3dac83a0>}, targets: ['select_prediction'] and ExecutionContext(model_id='ab0f14a15bf24d9a95d1829827336886', should_add_diagnostic_data=False, is_finetuning=False, node_name=None).
2025-06-09 20:40:01 DEBUG    rasa.engine.graph  - Node 'rule_only_data_provider' running 'RuleOnlyDataProvider.provide'.
2025-06-09 20:40:01 DEBUG    rasa.engine.graph  - Node 'domain_provider' running 'DomainProvider.provide_inference'.
2025-06-09 20:40:01 DEBUG    rasa.engine.graph  - Node 'run_MemoizationPolicy0' running 'MemoizationPolicy.predict_action_probabilities'.
2025-06-09 20:40:01 DEBUG    rasa.core.policies.memoization  - [debug    ] memoization.predict.actions    tracker_states=[{'user': {'intent': 'ask_architecture'}, 'prev_action': {'action_name': 'action_listen'}}, {'user': {'intent': 'ask_architecture'}, 'prev_action': {'action_name': 'utter_architecture_response'}}]
2025-06-09 20:40:01 DEBUG    rasa.core.policies.memoization  - There is a memorised next action 'action_listen'
2025-06-09 20:40:01 DEBUG    rasa.engine.graph  - Node 'run_RulePolicy1' running 'RulePolicy.predict_action_probabilities'.
2025-06-09 20:40:01 DEBUG    rasa.core.policies.rule_policy  - [debug    ] rule_policy.actions.find       current_states=
[state 1] user intent: greet | previous action name: action_listen
[state 2] user intent: greet | previous action name: utter_greet
[state 3] user intent: ask_architecture | previous action name: action_listen
[state 4] user intent: ask_architecture | previous action name: utter_architecture_response
2025-06-09 20:40:01 DEBUG    rasa.core.policies.rule_policy  - There is a rule for the next action 'action_listen'.
2025-06-09 20:40:01 DEBUG    rasa.engine.graph  - Node 'run_TEDPolicy2' running 'TEDPolicy.predict_action_probabilities'.
2025-06-09 20:40:01 DEBUG    rasa.core.policies.ted_policy  - TED predicted 'action_listen' based on user intent.
2025-06-09 20:40:01 DEBUG    rasa.engine.graph  - Node 'select_prediction' running 'DefaultPolicyPredictionEnsemble.combine_predictions_from_kwargs'.
2025-06-09 20:40:01 DEBUG    rasa.core.policies.ensemble  - Predicted next action using RulePolicy.
2025-06-09 20:40:01 DEBUG    rasa.core.processor  - Predicted next action 'action_listen' with confidence 1.00.
2025-06-09 20:40:01 DEBUG    rasa.core.processor  - [debug    ] processor.actions.policy_prediction prediction_events=[]
2025-06-09 20:40:01 DEBUG    rasa.core.processor  - [debug    ] processor.actions.log          action_name=action_listen rasa_events=[]
2025-06-09 20:40:01 DEBUG    rasa.core.tracker_store  - No event broker configured. Skipping streaming events.
2025-06-09 20:40:01 DEBUG    rasa.core.lock_store  - Deleted lock for conversation 'PractikumStudent'.
2025-06-09 20:40:06 DEBUG    rasa.core.lock_store  - Issuing ticket for conversation 'PractikumStudent'.
2025-06-09 20:40:06 DEBUG    rasa.core.lock_store  - Acquiring lock for conversation 'PractikumStudent'.
2025-06-09 20:40:06 DEBUG    rasa.core.lock_store  - Acquired lock for conversation 'PractikumStudent'.
2025-06-09 20:40:06 DEBUG    rasa.core.tracker_store  - Recreating tracker for id 'PractikumStudent'
2025-06-09 20:40:06 DEBUG    rasa.engine.runner.dask  - Running graph with inputs: {'__message__': [<rasa.core.channels.channel.UserMessage object at 0xffff3dac9780>], '__tracker__': <rasa.shared.core.trackers.DialogueStateTracker object at 0xffff3dacab30>}, targets: ['run_RegexMessageHandler'] and ExecutionContext(model_id='ab0f14a15bf24d9a95d1829827336886', should_add_diagnostic_data=False, is_finetuning=False, node_name=None).
2025-06-09 20:40:06 DEBUG    rasa.engine.graph  - Node 'nlu_message_converter' running 'NLUMessageConverter.convert_user_message'.
2025-06-09 20:40:06 DEBUG    rasa.engine.graph  - Node 'run_WhitespaceTokenizer0' running 'WhitespaceTokenizer.process'.
2025-06-09 20:40:06 DEBUG    rasa.engine.graph  - Node 'run_RegexFeaturizer1' running 'RegexFeaturizer.process'.
2025-06-09 20:40:06 DEBUG    rasa.engine.graph  - Node 'run_LexicalSyntacticFeaturizer2' running 'LexicalSyntacticFeaturizer.process'.
2025-06-09 20:40:06 DEBUG    rasa.engine.graph  - Node 'run_CountVectorsFeaturizer3' running 'CountVectorsFeaturizer.process'.
2025-06-09 20:40:06 DEBUG    rasa.engine.graph  - Node 'run_LanguageModelFeaturizer4' running 'LanguageModelFeaturizer.process'.
2025-06-09 20:40:06 DEBUG    rasa.engine.graph  - Node 'run_DIETClassifier5' running 'DIETClassifier.process'.
2025-06-09 20:40:06 DEBUG    rasa.engine.graph  - Node 'run_EntitySynonymMapper6' running 'EntitySynonymMapper.process'.
2025-06-09 20:40:06 DEBUG    rasa.engine.graph  - Node 'run_ResponseSelector7' running 'ResponseSelector.process'.
2025-06-09 20:40:06 DEBUG    rasa.nlu.classifiers.diet_classifier  - There is no trained model for 'ResponseSelector': The component is either not trained or didn't receive enough training data.
2025-06-09 20:40:06 DEBUG    rasa.nlu.selectors.response_selector  - Adding following selector key to message property: default
2025-06-09 20:40:06 DEBUG    rasa.engine.graph  - Node 'domain_provider' running 'DomainProvider.provide_inference'.
2025-06-09 20:40:06 DEBUG    rasa.engine.graph  - Node 'run_RegexMessageHandler' running 'RegexMessageHandler.process'.
2025-06-09 20:40:06 DEBUG    rasa.core.processor  - [debug    ] processor.message.parse        parse_data_entities=[] parse_data_intent={'name': 'goodbye', 'confidence': 0.244071364402771} parse_data_text=пока!
2025-06-09 20:40:06 DEBUG    rasa.core.processor  - Logged UserUtterance - tracker now has 16 events.
2025-06-09 20:40:06 DEBUG    rasa.core.actions.action  - Validating extracted slots: topic
2025-06-09 20:40:06 DEBUG    rasa.core.processor  - [debug    ] processor.extract.slots        action_extract_slot=action_extract_slots len_extraction_events=1 rasa_events=[SlotSet(key: topic, value: пока!)]
2025-06-09 20:40:06 DEBUG    rasa.engine.runner.dask  - Running graph with inputs: {'__tracker__': <rasa.shared.core.trackers.DialogueStateTracker object at 0xffff3dacab30>}, targets: ['select_prediction'] and ExecutionContext(model_id='ab0f14a15bf24d9a95d1829827336886', should_add_diagnostic_data=False, is_finetuning=False, node_name=None).
2025-06-09 20:40:06 DEBUG    rasa.engine.graph  - Node 'rule_only_data_provider' running 'RuleOnlyDataProvider.provide'.
2025-06-09 20:40:06 DEBUG    rasa.engine.graph  - Node 'domain_provider' running 'DomainProvider.provide_inference'.
2025-06-09 20:40:06 DEBUG    rasa.engine.graph  - Node 'run_MemoizationPolicy0' running 'MemoizationPolicy.predict_action_probabilities'.
2025-06-09 20:40:06 DEBUG    rasa.core.policies.memoization  - [debug    ] memoization.predict.actions    tracker_states=[{'user': {'intent': 'ask_architecture'}, 'prev_action': {'action_name': 'utter_architecture_response'}}, {'user': {'intent': 'goodbye'}, 'prev_action': {'action_name': 'action_listen'}}]
2025-06-09 20:40:06 DEBUG    rasa.core.policies.memoization  - There is no memorised next action
2025-06-09 20:40:06 DEBUG    rasa.engine.graph  - Node 'run_RulePolicy1' running 'RulePolicy.predict_action_probabilities'.
2025-06-09 20:40:06 DEBUG    rasa.core.policies.rule_policy  - [debug    ] rule_policy.actions.find       current_states=
[state 1] user intent: greet | previous action name: action_listen
[state 2] user intent: greet | previous action name: utter_greet
[state 3] user intent: ask_architecture | previous action name: action_listen
[state 4] user intent: ask_architecture | previous action name: utter_architecture_response
[state 5] user text: пока! | previous action name: action_listen
2025-06-09 20:40:06 DEBUG    rasa.core.policies.rule_policy  - There is no applicable rule.
2025-06-09 20:40:06 DEBUG    rasa.core.policies.rule_policy  - [debug    ] rule_policy.actions.find       current_states=
[state 1] user intent: greet | previous action name: action_listen
[state 2] user intent: greet | previous action name: utter_greet
[state 3] user intent: ask_architecture | previous action name: action_listen
[state 4] user intent: ask_architecture | previous action name: utter_architecture_response
[state 5] user intent: goodbye | previous action name: action_listen
2025-06-09 20:40:06 DEBUG    rasa.core.policies.rule_policy  - There is a rule for the next action 'utter_goodbye'.
2025-06-09 20:40:06 DEBUG    rasa.engine.graph  - Node 'run_TEDPolicy2' running 'TEDPolicy.predict_action_probabilities'.
2025-06-09 20:40:06 DEBUG    rasa.core.policies.ted_policy  - TED predicted 'utter_goodbye' based on user intent.
2025-06-09 20:40:06 DEBUG    rasa.engine.graph  - Node 'select_prediction' running 'DefaultPolicyPredictionEnsemble.combine_predictions_from_kwargs'.
2025-06-09 20:40:06 DEBUG    rasa.core.policies.ensemble  - Made prediction using user intent.
2025-06-09 20:40:06 DEBUG    rasa.core.policies.ensemble  - Added `DefinePrevUserUtteredFeaturization(False)` event.
2025-06-09 20:40:06 DEBUG    rasa.core.policies.ensemble  - Predicted next action using RulePolicy.
2025-06-09 20:40:06 DEBUG    rasa.core.processor  - Predicted next action 'utter_goodbye' with confidence 1.00.
2025-06-09 20:40:06 DEBUG    rasa.core.processor  - [debug    ] processor.actions.policy_prediction prediction_events=[<rasa.shared.core.events.DefinePrevUserUtteredFeaturization object at 0xffff3dc09cf0>]
2025-06-09 20:40:07 DEBUG    rasa.core.processor  - [debug    ] processor.actions.log          action_name=utter_goodbye rasa_events=[BotUttered('До свидания! Если появятся вопросы по архитектуре ПО, обращайтесь.', {"elements": null, "quick_replies": null, "buttons": null, "attachment": null, "image": null, "custom": null}, {"utter_action": "utter_goodbye"}, 1749501606.9998167)]
2025-06-09 20:40:07 DEBUG    rasa.engine.runner.dask  - Running graph with inputs: {'__tracker__': <rasa.shared.core.trackers.DialogueStateTracker object at 0xffff3dacab30>}, targets: ['select_prediction'] and ExecutionContext(model_id='ab0f14a15bf24d9a95d1829827336886', should_add_diagnostic_data=False, is_finetuning=False, node_name=None).
2025-06-09 20:40:07 DEBUG    rasa.engine.graph  - Node 'rule_only_data_provider' running 'RuleOnlyDataProvider.provide'.
2025-06-09 20:40:07 DEBUG    rasa.engine.graph  - Node 'domain_provider' running 'DomainProvider.provide_inference'.
2025-06-09 20:40:07 DEBUG    rasa.engine.graph  - Node 'run_MemoizationPolicy0' running 'MemoizationPolicy.predict_action_probabilities'.
2025-06-09 20:40:07 DEBUG    rasa.core.policies.memoization  - [debug    ] memoization.predict.actions    tracker_states=[{'user': {'intent': 'goodbye'}, 'prev_action': {'action_name': 'action_listen'}}, {'user': {'intent': 'goodbye'}, 'prev_action': {'action_name': 'utter_goodbye'}}]
2025-06-09 20:40:07 DEBUG    rasa.core.policies.memoization  - There is a memorised next action 'action_listen'
2025-06-09 20:40:07 DEBUG    rasa.engine.graph  - Node 'run_RulePolicy1' running 'RulePolicy.predict_action_probabilities'.
2025-06-09 20:40:07 DEBUG    rasa.core.policies.rule_policy  - [debug    ] rule_policy.actions.find       current_states=
[state 1] user intent: greet | previous action name: action_listen
[state 2] user intent: greet | previous action name: utter_greet
[state 3] user intent: ask_architecture | previous action name: action_listen
[state 4] user intent: ask_architecture | previous action name: utter_architecture_response
[state 5] user intent: goodbye | previous action name: action_listen
[state 6] user intent: goodbye | previous action name: utter_goodbye
2025-06-09 20:40:07 DEBUG    rasa.core.policies.rule_policy  - There is a rule for the next action 'action_listen'.
2025-06-09 20:40:07 DEBUG    rasa.engine.graph  - Node 'run_TEDPolicy2' running 'TEDPolicy.predict_action_probabilities'.
2025-06-09 20:40:07 DEBUG    rasa.core.policies.ted_policy  - TED predicted 'action_listen' based on user intent.
2025-06-09 20:40:07 DEBUG    rasa.engine.graph  - Node 'select_prediction' running 'DefaultPolicyPredictionEnsemble.combine_predictions_from_kwargs'.
2025-06-09 20:40:07 DEBUG    rasa.core.policies.ensemble  - Predicted next action using RulePolicy.
2025-06-09 20:40:07 DEBUG    rasa.core.processor  - Predicted next action 'action_listen' with confidence 1.00.
2025-06-09 20:40:07 DEBUG    rasa.core.processor  - [debug    ] processor.actions.policy_prediction prediction_events=[]
2025-06-09 20:40:07 DEBUG    rasa.core.processor  - [debug    ] processor.actions.log          action_name=action_listen rasa_events=[]
2025-06-09 20:40:07 DEBUG    rasa.core.tracker_store  - No event broker configured. Skipping streaming events.
2025-06-09 20:40:07 DEBUG    rasa.core.lock_store  - Deleted lock for conversation 'PractikumStudent'.

